<?xml version="1.0" encoding="UTF-8"?>
<!-- Generated by org.testng.reporters.JUnitReportReporter -->
<testsuite name="com.paisa.script.PaisaLoginPasswordEnable" tests="1" time="0.160" ignored="6" failures="0" timestamp="26 Jul 2017 05:11:54 GMT" skipped="0" hostname="DESKTOP-12R2NN5" errors="0">
  <testcase name="testPaisaLoginPasswordEnable" time="0.160" classname="com.paisa.script.PaisaLoginPasswordEnable"/>
  <testcase name="browserSet" classname="com.paisa.help.SupportScript">
    <skipped/>
  </testcase> <!-- browserSet -->
  <testcase name="browserSet" classname="com.paisa.help.SupportScript">
    <skipped/>
  </testcase> <!-- browserSet -->
  <testcase name="browserSet" classname="com.paisa.help.SupportScript">
    <skipped/>
  </testcase> <!-- browserSet -->
  <testcase name="browserSet" classname="com.paisa.help.SupportScript">
    <skipped/>
  </testcase> <!-- browserSet -->
  <testcase name="browserSet" classname="com.paisa.help.SupportScript">
    <skipped/>
  </testcase> <!-- browserSet -->
  <testcase name="browserSet" classname="com.paisa.help.SupportScript">
    <skipped/>
  </testcase> <!-- browserSet -->
</testsuite> <!-- com.paisa.script.PaisaLoginPasswordEnable -->
